{"uuid":"a5e1ee40-ccc0-4e39-8f76-80318ddd0809","historyId":"9d4270f8ce32305b39f2a38487b8e366","fullName":"src/test/java/features/User_Login.feature:4","labels":[{"name":"host","value":"DESKTOP-PKC4EBA"},{"name":"thread","value":"30384@DESKTOP-PKC4EBA.main(1)"},{"name":"feature","value":"LoggedIn User View"},{"name":"story","value":"Validate user is able to view after Login"},{"name":"suite","value":"LoggedIn User View"},{"name":"testClass","value":"Validate user is able to view after Login"},{"name":"framework","value":"cucumber6jvm"},{"name":"language","value":"java"},{"name":"gherkin_uri","value":"file:///C:/Users/anton/IdeaProjects/SeleniumCucumberWebDriverManager-master/src/test/java/features/User_Login.feature"},{"name":"package","value":"src.test.java.features.User_Login_feature.LoggedIn User View"},{"name":"feature","value":"Given"}],"links":[],"name":"Validate user is able to view after Login","status":"broken","statusDetails":{"known":false,"muted":false,"flaky":false,"message":"Compound class names not permitted\nFor documentation on this error, please visit: https://www.selenium.dev/documentation/webdriver/troubleshooting/errors#invalid-selector-exception\nBuild info: version: '4.17.0', revision: 'e52b1be057*'\nSystem info: os.name: 'Windows 11', os.arch: 'amd64', os.version: '10.0', java.version: '17.0.12'\nDriver info: driver.version: unknown","trace":"org.openqa.selenium.InvalidSelectorException: Compound class names not permitted\nFor documentation on this error, please visit: https://www.selenium.dev/documentation/webdriver/troubleshooting/errors#invalid-selector-exception\nBuild info: version: '4.17.0', revision: 'e52b1be057*'\nSystem info: os.name: 'Windows 11', os.arch: 'amd64', os.version: '10.0', java.version: '17.0.12'\nDriver info: driver.version: unknown\r\n\tat org.openqa.selenium.By$ByClassName.<init>(By.java:309)\r\n\tat org.openqa.selenium.By.className(By.java:100)\r\n\tat pages.LoginPage.sendkeys_Username(LoginPage.java:13)\r\n\tat stepDefinition.LoginPage.user_successfully_enters_the_log_in_details(LoginPage.java:13)\r\n\tat ✽.User enters the log in details(file:///C:/Users/anton/IdeaProjects/SeleniumCucumberWebDriverManager-master/src/test/java/features/User_Login.feature:6)\r\n"},"stage":"finished","steps":[{"name":"Given  User navigates to the Login page","status":"passed","statusDetails":{"known":false,"muted":false,"flaky":false},"stage":"finished","steps":[],"attachments":[{"name":"HTML Snapshot","source":"41fa6937-b1c5-401e-8b04-cb29ac56f638-attachment.html","type":"text/html"}],"parameters":[],"start":1739917393053,"stop":1739917431401},{"name":"When  User enters the log in details","status":"broken","statusDetails":{"known":false,"muted":false,"flaky":false,"message":"Compound class names not permitted\nFor documentation on this error, please visit: https://www.selenium.dev/documentation/webdriver/troubleshooting/errors#invalid-selector-exception\nBuild info: version: '4.17.0', revision: 'e52b1be057*'\nSystem info: os.name: 'Windows 11', os.arch: 'amd64', os.version: '10.0', java.version: '17.0.12'\nDriver info: driver.version: unknown","trace":"org.openqa.selenium.InvalidSelectorException: Compound class names not permitted\nFor documentation on this error, please visit: https://www.selenium.dev/documentation/webdriver/troubleshooting/errors#invalid-selector-exception\nBuild info: version: '4.17.0', revision: 'e52b1be057*'\nSystem info: os.name: 'Windows 11', os.arch: 'amd64', os.version: '10.0', java.version: '17.0.12'\nDriver info: driver.version: unknown\r\n\tat org.openqa.selenium.By$ByClassName.<init>(By.java:309)\r\n\tat org.openqa.selenium.By.className(By.java:100)\r\n\tat pages.LoginPage.sendkeys_Username(LoginPage.java:13)\r\n\tat stepDefinition.LoginPage.user_successfully_enters_the_log_in_details(LoginPage.java:13)\r\n\tat ✽.User enters the log in details(file:///C:/Users/anton/IdeaProjects/SeleniumCucumberWebDriverManager-master/src/test/java/features/User_Login.feature:6)\r\n"},"stage":"finished","steps":[],"attachments":[],"parameters":[],"start":1739917431401,"stop":1739917431401},{"name":"Then  User should be able to view the Login details page","status":"skipped","statusDetails":{"known":false,"muted":false,"flaky":false},"stage":"finished","steps":[],"attachments":[],"parameters":[],"start":1739917431401,"stop":1739917431401}],"attachments":[],"parameters":[],"start":1739917393053,"stop":1739917431401}